{"C:\\Users\\ryan.guild\\Documents\\react-leaflet-current-location-control\\src\\index.tsx": {"path":"C:\\Users\\ryan.guild\\Documents\\react-leaflet-current-location-control\\src\\index.tsx","statementMap":{"0":{"start":{"line":9,"column":2},"end":{"line":9,"column":354}},"1":{"start":{"line":11,"column":2},"end":{"line":11,"column":338}},"2":{"start":{"line":12,"column":33},"end":{"line":17,"column":2}},"3":{"start":{"line":19,"column":20},"end":{"line":19,"column":49}},"4":{"start":{"line":20,"column":0},"end":{"line":20,"column":72}},"5":{"start":{"line":22,"column":14},"end":{"line":22,"column":52}},"6":{"start":{"line":24,"column":2},"end":{"line":24,"column":92}},"7":{"start":{"line":48,"column":18},"end":{"line":48,"column":30}},"8":{"start":{"line":49,"column":30},"end":{"line":49,"column":45}},"9":{"start":{"line":50,"column":48},"end":{"line":50,"column":59}},"10":{"start":{"line":51,"column":42},"end":{"line":51,"column":60}},"11":{"start":{"line":52,"column":60},"end":{"line":52,"column":75}},"12":{"start":{"line":53,"column":18},"end":{"line":87,"column":3}},"13":{"start":{"line":54,"column":4},"end":{"line":85,"column":5}},"14":{"start":{"line":55,"column":6},"end":{"line":55,"column":44}},"15":{"start":{"line":55,"column":27},"end":{"line":55,"column":44}},"16":{"start":{"line":56,"column":6},"end":{"line":79,"column":7}},"17":{"start":{"line":57,"column":24},"end":{"line":75,"column":9}},"18":{"start":{"line":59,"column":44},"end":{"line":59,"column":59}},"19":{"start":{"line":60,"column":28},"end":{"line":60,"column":59}},"20":{"start":{"line":61,"column":12},"end":{"line":61,"column":48}},"21":{"start":{"line":61,"column":28},"end":{"line":61,"column":48}},"22":{"start":{"line":62,"column":12},"end":{"line":62,"column":58}},"23":{"start":{"line":62,"column":29},"end":{"line":62,"column":58}},"24":{"start":{"line":63,"column":12},"end":{"line":63,"column":36}},"25":{"start":{"line":66,"column":12},"end":{"line":72,"column":17}},"26":{"start":{"line":76,"column":8},"end":{"line":76,"column":35}},"27":{"start":{"line":78,"column":8},"end":{"line":78,"column":58}},"28":{"start":{"line":81,"column":6},"end":{"line":81,"column":42}},"29":{"start":{"line":81,"column":26},"end":{"line":81,"column":42}},"30":{"start":{"line":82,"column":6},"end":{"line":82,"column":62}},"31":{"start":{"line":83,"column":6},"end":{"line":83,"column":27}},"32":{"start":{"line":84,"column":6},"end":{"line":84,"column":32}},"33":{"start":{"line":86,"column":4},"end":{"line":86,"column":22}},"34":{"start":{"line":89,"column":2},"end":{"line":101,"column":8}},"35":{"start":{"line":90,"column":26},"end":{"line":90,"column":51}},"36":{"start":{"line":91,"column":4},"end":{"line":94,"column":5}},"37":{"start":{"line":92,"column":6},"end":{"line":92,"column":36}},"38":{"start":{"line":93,"column":6},"end":{"line":93,"column":24}},"39":{"start":{"line":95,"column":4},"end":{"line":95,"column":34}},"40":{"start":{"line":96,"column":4},"end":{"line":100,"column":5}},"41":{"start":{"line":97,"column":6},"end":{"line":97,"column":39}},"42":{"start":{"line":98,"column":6},"end":{"line":99,"column":64}},"43":{"start":{"line":99,"column":8},"end":{"line":99,"column":64}},"44":{"start":{"line":103,"column":2},"end":{"line":117,"column":3}},"45":{"start":{"line":126,"column":2},"end":{"line":135,"column":3}}},"fnMap":{"0":{"name":"CurrentLocationControl","decl":{"start":{"line":38,"column":24},"end":{"line":38,"column":46}},"loc":{"start":{"line":47,"column":45},"end":{"line":118,"column":1}},"line":47},"1":{"name":"(anonymous_1)","decl":{"start":{"line":53,"column":18},"end":{"line":53,"column":19}},"loc":{"start":{"line":53,"column":24},"end":{"line":87,"column":3}},"line":53},"2":{"name":"(anonymous_2)","decl":{"start":{"line":58,"column":10},"end":{"line":58,"column":11}},"loc":{"start":{"line":58,"column":24},"end":{"line":64,"column":11}},"line":58},"3":{"name":"(anonymous_3)","decl":{"start":{"line":65,"column":10},"end":{"line":65,"column":11}},"loc":{"start":{"line":65,"column":21},"end":{"line":73,"column":11}},"line":65},"4":{"name":"(anonymous_4)","decl":{"start":{"line":89,"column":12},"end":{"line":89,"column":13}},"loc":{"start":{"line":89,"column":18},"end":{"line":101,"column":3}},"line":89},"5":{"name":"(anonymous_5)","decl":{"start":{"line":91,"column":26},"end":{"line":91,"column":27}},"loc":{"start":{"line":91,"column":32},"end":{"line":94,"column":5}},"line":91},"6":{"name":"(anonymous_6)","decl":{"start":{"line":96,"column":11},"end":{"line":96,"column":12}},"loc":{"start":{"line":96,"column":17},"end":{"line":100,"column":5}},"line":96},"7":{"name":"ControlButton","decl":{"start":{"line":125,"column":9},"end":{"line":125,"column":22}},"loc":{"start":{"line":125,"column":77},"end":{"line":136,"column":1}},"line":125}},"branchMap":{"0":{"loc":{"start":{"line":54,"column":4},"end":{"line":85,"column":5}},"type":"if","locations":[{"start":{"line":54,"column":4},"end":{"line":85,"column":5}},{"start":{"line":54,"column":4},"end":{"line":85,"column":5}}],"line":54},"1":{"loc":{"start":{"line":55,"column":6},"end":{"line":55,"column":44}},"type":"if","locations":[{"start":{"line":55,"column":6},"end":{"line":55,"column":44}},{"start":{"line":55,"column":6},"end":{"line":55,"column":44}}],"line":55},"2":{"loc":{"start":{"line":61,"column":12},"end":{"line":61,"column":48}},"type":"if","locations":[{"start":{"line":61,"column":12},"end":{"line":61,"column":48}},{"start":{"line":61,"column":12},"end":{"line":61,"column":48}}],"line":61},"3":{"loc":{"start":{"line":62,"column":12},"end":{"line":62,"column":58}},"type":"if","locations":[{"start":{"line":62,"column":12},"end":{"line":62,"column":58}},{"start":{"line":62,"column":12},"end":{"line":62,"column":58}}],"line":62},"4":{"loc":{"start":{"line":66,"column":12},"end":{"line":72,"column":17}},"type":"cond-expr","locations":[{"start":{"line":67,"column":16},"end":{"line":67,"column":41}},{"start":{"line":68,"column":16},"end":{"line":72,"column":17}}],"line":66},"5":{"loc":{"start":{"line":69,"column":18},"end":{"line":71,"column":24}},"type":"cond-expr","locations":[{"start":{"line":70,"column":22},"end":{"line":70,"column":64}},{"start":{"line":71,"column":22},"end":{"line":71,"column":24}}],"line":69},"6":{"loc":{"start":{"line":81,"column":6},"end":{"line":81,"column":42}},"type":"if","locations":[{"start":{"line":81,"column":6},"end":{"line":81,"column":42}},{"start":{"line":81,"column":6},"end":{"line":81,"column":42}}],"line":81},"7":{"loc":{"start":{"line":98,"column":6},"end":{"line":99,"column":64}},"type":"if","locations":[{"start":{"line":98,"column":6},"end":{"line":99,"column":64}},{"start":{"line":98,"column":6},"end":{"line":99,"column":64}}],"line":98},"8":{"loc":{"start":{"line":105,"column":7},"end":{"line":107,"column":14}},"type":"cond-expr","locations":[{"start":{"line":106,"column":8},"end":{"line":106,"column":59}},{"start":{"line":107,"column":10},"end":{"line":107,"column":14}}],"line":105},"9":{"loc":{"start":{"line":108,"column":7},"end":{"line":115,"column":14}},"type":"cond-expr","locations":[{"start":{"line":109,"column":8},"end":{"line":114,"column":10}},{"start":{"line":115,"column":10},"end":{"line":115,"column":14}}],"line":108},"10":{"loc":{"start":{"line":108,"column":7},"end":{"line":108,"column":29}},"type":"binary-expr","locations":[{"start":{"line":108,"column":7},"end":{"line":108,"column":13}},{"start":{"line":108,"column":17},"end":{"line":108,"column":29}}],"line":108},"11":{"loc":{"start":{"line":112,"column":16},"end":{"line":112,"column":41}},"type":"binary-expr","locations":[{"start":{"line":112,"column":16},"end":{"line":112,"column":20}},{"start":{"line":112,"column":24},"end":{"line":112,"column":41}}],"line":112},"12":{"loc":{"start":{"line":132,"column":16},"end":{"line":132,"column":57}},"type":"cond-expr","locations":[{"start":{"line":132,"column":25},"end":{"line":132,"column":39}},{"start":{"line":132,"column":42},"end":{"line":132,"column":57}}],"line":132}},"s":{"0":1,"1":1,"2":1,"3":1,"4":1,"5":1,"6":1,"7":12,"8":12,"9":12,"10":12,"11":12,"12":12,"13":3,"14":3,"15":1,"16":3,"17":3,"18":0,"19":0,"20":0,"21":0,"22":0,"23":0,"24":0,"25":0,"26":2,"27":1,"28":0,"29":0,"30":0,"31":0,"32":0,"33":3,"34":12,"35":5,"36":5,"37":4,"38":4,"39":5,"40":5,"41":5,"42":5,"43":0,"44":12,"45":7},"f":{"0":12,"1":3,"2":0,"3":0,"4":5,"5":4,"6":5,"7":7},"b":{"0":[3,0],"1":[1,2],"2":[0,0],"3":[0,0],"4":[0,0],"5":[0,0],"6":[0,0],"7":[0,5],"8":[7,5],"9":[0,12],"10":[12,3],"11":[0,0],"12":[3,4]},"_coverageSchema":"43e27e138ebf9cfc5966b082cf9a028302ed4184","hash":"3a7e092fa40f059c786f220a000bf37d584ad804"}
}
