TN:
SF:C:\Users\ryan.guild\Documents\react-leaflet-current-location-control\src\index.tsx
FN:38,CurrentLocationControl
FN:53,(anonymous_1)
FN:58,(anonymous_2)
FN:65,(anonymous_3)
FN:89,(anonymous_4)
FN:91,(anonymous_5)
FN:96,(anonymous_6)
FN:125,ControlButton
FNF:8
FNH:6
FNDA:12,CurrentLocationControl
FNDA:3,(anonymous_1)
FNDA:0,(anonymous_2)
FNDA:0,(anonymous_3)
FNDA:5,(anonymous_4)
FNDA:4,(anonymous_5)
FNDA:5,(anonymous_6)
FNDA:7,ControlButton
DA:9,1
DA:11,1
DA:12,1
DA:19,1
DA:20,1
DA:22,1
DA:24,1
DA:48,12
DA:49,12
DA:50,12
DA:51,12
DA:52,12
DA:53,12
DA:54,3
DA:55,3
DA:56,3
DA:57,3
DA:59,0
DA:60,0
DA:61,0
DA:62,0
DA:63,0
DA:66,0
DA:76,2
DA:78,1
DA:81,0
DA:82,0
DA:83,0
DA:84,0
DA:86,3
DA:89,12
DA:90,5
DA:91,5
DA:92,4
DA:93,4
DA:95,5
DA:96,5
DA:97,5
DA:98,5
DA:99,0
DA:103,12
DA:126,7
LF:42
LH:31
BRDA:54,0,0,3
BRDA:54,0,1,0
BRDA:55,1,0,1
BRDA:55,1,1,2
BRDA:61,2,0,0
BRDA:61,2,1,0
BRDA:62,3,0,0
BRDA:62,3,1,0
BRDA:66,4,0,0
BRDA:66,4,1,0
BRDA:69,5,0,0
BRDA:69,5,1,0
BRDA:81,6,0,0
BRDA:81,6,1,0
BRDA:98,7,0,0
BRDA:98,7,1,5
BRDA:105,8,0,7
BRDA:105,8,1,5
BRDA:108,9,0,0
BRDA:108,9,1,12
BRDA:108,10,0,12
BRDA:108,10,1,3
BRDA:112,11,0,0
BRDA:112,11,1,0
BRDA:132,12,0,3
BRDA:132,12,1,4
BRF:26
BRH:11
end_of_record
